#
# There is insufficient memory for the Java Runtime Environment to continue.
# Native memory allocation (malloc) failed to allocate 1809616 bytes. Error detail: Chunk::new
# Possible reasons:
#   The system is out of physical RAM or swap space
#   This process is running with CompressedOops enabled, and the Java Heap may be blocking the growth of the native heap
# Possible solutions:
#   Reduce memory load on the system
#   Increase physical memory or swap space
#   Check if swap backing store is full
#   Decrease Java heap size (-Xmx/-Xms)
#   Decrease number of Java threads
#   Decrease Java thread stack sizes (-Xss)
#   Set larger code cache with -XX:ReservedCodeCacheSize=
#   JVM is running with Unscaled Compressed Oops mode in which the Java heap is
#     placed in the first 4GB address space. The Java Heap base address is the
#     maximum limit for the native heap growth. Please use -XX:HeapBaseMinAddress
#     to set the Java Heap base and to place the Java Heap above 4GB virtual address.
# This output file may be truncated or incomplete.
#
#  Out of Memory Error (arena.cpp:168), pid=2168, tid=15316
#
# JRE version: OpenJDK Runtime Environment (21.0.5) (build 21.0.5+-12932927-b750.29)
# Java VM: OpenJDK 64-Bit Server VM (21.0.5+-12932927-b750.29, mixed mode, tiered, compressed oops, compressed class ptrs, g1 gc, windows-amd64)
# No core dump will be written. Minidumps are not enabled by default on client versions of Windows
#

---------------  S U M M A R Y ------------

Command Line: org.jetbrains.kotlin.cli.jvm.K2JVMCompiler @C:\Users\aprok\AndroidStudioProjects\olimp\app\build\20250409_6095516737461571993.compiler.options

Host: AMD Ryzen 5 5600H with Radeon Graphics         , 12 cores, 5G,  Windows 11 , 64 bit Build 22621 (10.0.22621.4974)
Time: Wed Apr  9 12:29:47 2025 RTZ 2 (s 11 , 64 bit Build 22621 (10.0.22621.4974) elapsed time: 4.809818 seconds (0d 0h 0m 4s)

---------------  T H R E A D  ---------------

Current thread (0x00000216713722d0):  JavaThread "C2 CompilerThread0" daemon [_thread_in_native, id=15316, stack(0x0000008d44500000,0x0000008d44600000) (1024K)]


Current CompileTask:
C2:4809 5117       4       jdk.internal.loader.BuiltinClassLoader::defineClass (121 bytes)

Stack: [0x0000008d44500000,0x0000008d44600000]
Native frames: (J=compiled Java code, j=interpreted, Vv=VM code, C=native code)
V  [jvm.dll+0x6cfb29]
V  [jvm.dll+0x85ded3]
V  [jvm.dll+0x86042e]
V  [jvm.dll+0x860b13]
V  [jvm.dll+0x27e6b6]
V  [jvm.dll+0xbff6d]
V  [jvm.dll+0xc04a3]
V  [jvm.dll+0x3b5fc1]
V  [jvm.dll+0x381f97]
V  [jvm.dll+0x38140a]
V  [jvm.dll+0x247c62]
V  [jvm.dll+0x247231]
V  [jvm.dll+0x1c5ee4]
V  [jvm.dll+0x25697c]
V  [jvm.dll+0x254ec6]
V  [jvm.dll+0x3f0ce6]
V  [jvm.dll+0x806368]
V  [jvm.dll+0x6ce3fd]
C  [ucrtbase.dll+0x29333]
C  [KERNEL32.DLL+0x1259d]
C  [ntdll.dll+0x5af38]


---------------  P R O C E S S  ---------------

Threads class SMR info:
_java_thread_list=0x00000216714de6e0, length=11, elements={
0x0000021657d4d220, 0x00000216713576d0, 0x00000216713598d0, 0x000002167133ace0,
0x0000021671361f20, 0x0000021671362d20, 0x0000021671363f10, 0x00000216713722d0,
0x0000021671374510, 0x000002167150cba0, 0x000002167151c4e0
}

Java Threads: ( => current thread )
  0x0000021657d4d220 JavaThread "main"                              [_thread_in_native, id=11196, stack(0x0000008d43700000,0x0000008d43800000) (1024K)]
  0x00000216713576d0 JavaThread "Reference Handler"          daemon [_thread_blocked, id=8584, stack(0x0000008d43f00000,0x0000008d44000000) (1024K)]
  0x00000216713598d0 JavaThread "Finalizer"                  daemon [_thread_blocked, id=13828, stack(0x0000008d44000000,0x0000008d44100000) (1024K)]
  0x000002167133ace0 JavaThread "Signal Dispatcher"          daemon [_thread_blocked, id=6396, stack(0x0000008d44100000,0x0000008d44200000) (1024K)]
  0x0000021671361f20 JavaThread "Attach Listener"            daemon [_thread_blocked, id=19020, stack(0x0000008d44200000,0x0000008d44300000) (1024K)]
  0x0000021671362d20 JavaThread "Service Thread"             daemon [_thread_blocked, id=18584, stack(0x0000008d44300000,0x0000008d44400000) (1024K)]
  0x0000021671363f10 JavaThread "Monitor Deflation Thread"   daemon [_thread_blocked, id=5496, stack(0x0000008d44400000,0x0000008d44500000) (1024K)]
=>0x00000216713722d0 JavaThread "C2 CompilerThread0"         daemon [_thread_in_native, id=15316, stack(0x0000008d44500000,0x0000008d44600000) (1024K)]
  0x0000021671374510 JavaThread "C1 CompilerThread0"         daemon [_thread_blocked, id=14344, stack(0x0000008d44600000,0x0000008d44700000) (1024K)]
  0x000002167150cba0 JavaThread "Notification Thread"        daemon [_thread_blocked, id=15936, stack(0x0000008d44700000,0x0000008d44800000) (1024K)]
  0x000002167151c4e0 JavaThread "Common-Cleaner"             daemon [_thread_blocked, id=6636, stack(0x0000008d44800000,0x0000008d44900000) (1024K)]
Total: 11

Other Threads:
  0x0000021671037a60 VMThread "VM Thread"                           [id=2532, stack(0x0000008d43e00000,0x0000008d43f00000) (1024K)]
  0x0000021671026120 WatcherThread "VM Periodic Task Thread"        [id=11444, stack(0x0000008d43d00000,0x0000008d43e00000) (1024K)]
  0x000002165a070160 WorkerThread "GC Thread#0"                     [id=18480, stack(0x0000008d43800000,0x0000008d43900000) (1024K)]
  0x0000021671be6660 WorkerThread "GC Thread#1"                     [id=3516, stack(0x0000008d44900000,0x0000008d44a00000) (1024K)]
  0x0000021671c17660 WorkerThread "GC Thread#2"                     [id=6328, stack(0x0000008d44a00000,0x0000008d44b00000) (1024K)]
  0x0000021671c17a00 WorkerThread "GC Thread#3"                     [id=14364, stack(0x0000008d44b00000,0x0000008d44c00000) (1024K)]
  0x0000021671c17da0 WorkerThread "GC Thread#4"                     [id=17980, stack(0x0000008d44c00000,0x0000008d44d00000) (1024K)]
  0x0000021671c18540 WorkerThread "GC Thread#5"                     [id=19308, stack(0x0000008d44d00000,0x0000008d44e00000) (1024K)]
  0x0000021671c18930 WorkerThread "GC Thread#6"                     [id=2520, stack(0x0000008d44e00000,0x0000008d44f00000) (1024K)]
  0x0000021671c197b0 WorkerThread "GC Thread#7"                     [id=11500, stack(0x0000008d44f00000,0x0000008d45000000) (1024K)]
  0x0000021671c1a290 WorkerThread "GC Thread#8"                     [id=18824, stack(0x0000008d45000000,0x0000008d45100000) (1024K)]
  0x000002167688c250 WorkerThread "GC Thread#9"                     [id=10572, stack(0x0000008d45300000,0x0000008d45400000) (1024K)]
  0x000002165a07d640 ConcurrentGCThread "G1 Main Marker"            [id=7408, stack(0x0000008d43900000,0x0000008d43a00000) (1024K)]
  0x000002165a07e8e0 WorkerThread "G1 Conc#0"                       [id=9860, stack(0x0000008d43a00000,0x0000008d43b00000) (1024K)]
  0x0000021671c19b50 WorkerThread "G1 Conc#1"                       [id=6904, stack(0x0000008d45100000,0x0000008d45200000) (1024K)]
  0x0000021671c19ef0 WorkerThread "G1 Conc#2"                       [id=13716, stack(0x0000008d45200000,0x0000008d45300000) (1024K)]
  0x0000021670f020c0 ConcurrentGCThread "G1 Refine#0"               [id=6236, stack(0x0000008d43b00000,0x0000008d43c00000) (1024K)]
  0x000002165a0e8a00 ConcurrentGCThread "G1 Service"                [id=6816, stack(0x0000008d43c00000,0x0000008d43d00000) (1024K)]
Total: 18

Threads with active compile tasks:
C2 CompilerThread0  4858 5117       4       jdk.internal.loader.BuiltinClassLoader::defineClass (121 bytes)
Total: 1

VM state: not at safepoint (normal execution)

VM Mutex/Monitor currently owned by a thread: None

Heap address: 0x00000000a2400000, size: 1500 MB, Compressed Oops mode: 32-bit

CDS archive(s) not mapped
Compressed class space mapped at: 0x0000000100000000-0x0000000140000000, reserved size: 1073741824
Narrow klass base: 0x0000000000000000, Narrow klass shift: 3, Narrow klass range: 0x140000000

GC Precious Log:
 CardTable entry size: 512
 Card Set container configuration: InlinePtr #cards 5 size 8 Array Of Cards #cards 12 size 40 Howl #buckets 4 coarsen threshold 1843 Howl Bitmap #cards 512 size 80 coarsen threshold 460 Card regions per heap region 1 cards per card region 2048
 CPUs: 12 total, 12 available
 Memory: 5996M
 Large Page Support: Disabled
 NUMA Support: Disabled
 Compressed Oops: Enabled (32-bit)
 Heap Region Size: 1M
 Heap Min Capacity: 8M
 Heap Initial Capacity: 94M
 Heap Max Capacity: 1500M
 Pre-touch: Disabled
 Parallel Workers: 10
 Concurrent Workers: 3
 Concurrent Refinement Workers: 10
 Periodic GC: Disabled

Heap:
 garbage-first heap   total 76800K, used 52118K [0x00000000a2400000, 0x0000000100000000)
  region size 1024K, 11 young (11264K), 3 survivors (3072K)
 Metaspace       used 52687K, committed 53440K, reserved 1114112K
  class space    used 6233K, committed 6592K, reserved 1048576K

Heap Regions: E=young(eden), S=young(survivor), O=old, HS=humongous(starts), HC=humongous(continues), CS=collection set, F=free, TAMS=top-at-mark-start, PB=parsable bottom
|   0|0x00000000a2400000, 0x00000000a2500000, 0x00000000a2500000|100%|HS|  |TAMS 0x00000000a2400000| PB 0x00000000a2400000| Complete 
|   1|0x00000000a2500000, 0x00000000a2600000, 0x00000000a2600000|100%|HC|  |TAMS 0x00000000a2500000| PB 0x00000000a2500000| Complete 
|   2|0x00000000a2600000, 0x00000000a2700000, 0x00000000a2700000|100%|HC|  |TAMS 0x00000000a2600000| PB 0x00000000a2600000| Complete 
|   3|0x00000000a2700000, 0x00000000a2800000, 0x00000000a2800000|100%|HC|  |TAMS 0x00000000a2700000| PB 0x00000000a2700000| Complete 
|   4|0x00000000a2800000, 0x00000000a2900000, 0x00000000a2900000|100%| O|  |TAMS 0x00000000a2800000| PB 0x00000000a2800000| Untracked 
|   5|0x00000000a2900000, 0x00000000a29e5be0, 0x00000000a2a00000| 89%| O|  |TAMS 0x00000000a2900000| PB 0x00000000a2900000| Untracked 
|   6|0x00000000a2a00000, 0x00000000a2b00000, 0x00000000a2b00000|100%|HS|  |TAMS 0x00000000a2a00000| PB 0x00000000a2a00000| Complete 
|   7|0x00000000a2b00000, 0x00000000a2c00000, 0x00000000a2c00000|100%| O|  |TAMS 0x00000000a2b00000| PB 0x00000000a2b00000| Untracked 
|   8|0x00000000a2c00000, 0x00000000a2d00000, 0x00000000a2d00000|100%| O|  |TAMS 0x00000000a2c00000| PB 0x00000000a2c00000| Untracked 
|   9|0x00000000a2d00000, 0x00000000a2e00000, 0x00000000a2e00000|100%| O|  |TAMS 0x00000000a2d00000| PB 0x00000000a2d00000| Untracked 
|  10|0x00000000a2e00000, 0x00000000a2f00000, 0x00000000a2f00000|100%| O|  |TAMS 0x00000000a2e00000| PB 0x00000000a2e00000| Untracked 
|  11|0x00000000a2f00000, 0x00000000a3000000, 0x00000000a3000000|100%| O|  |TAMS 0x00000000a2f00000| PB 0x00000000a2f00000| Untracked 
|  12|0x00000000a3000000, 0x00000000a3100000, 0x00000000a3100000|100%| O|  |TAMS 0x00000000a3000000| PB 0x00000000a3000000| Untracked 
|  13|0x00000000a3100000, 0x00000000a3200000, 0x00000000a3200000|100%| O|  |TAMS 0x00000000a3100000| PB 0x00000000a3100000| Untracked 
|  14|0x00000000a3200000, 0x00000000a3300000, 0x00000000a3300000|100%| O|  |TAMS 0x00000000a3200000| PB 0x00000000a3200000| Untracked 
|  15|0x00000000a3300000, 0x00000000a3400000, 0x00000000a3400000|100%| O|Cm|TAMS 0x00000000a3300000| PB 0x00000000a3300000| Complete 
|  16|0x00000000a3400000, 0x00000000a3500000, 0x00000000a3500000|100%| O|  |TAMS 0x00000000a3400000| PB 0x00000000a3400000| Untracked 
|  17|0x00000000a3500000, 0x00000000a3600000, 0x00000000a3600000|100%| O|  |TAMS 0x00000000a3500000| PB 0x00000000a3500000| Untracked 
|  18|0x00000000a3600000, 0x00000000a3700000, 0x00000000a3700000|100%| O|  |TAMS 0x00000000a3600000| PB 0x00000000a3600000| Untracked 
|  19|0x00000000a3700000, 0x00000000a3800000, 0x00000000a3800000|100%| O|  |TAMS 0x00000000a3700000| PB 0x00000000a3700000| Untracked 
|  20|0x00000000a3800000, 0x00000000a3900000, 0x00000000a3900000|100%| O|  |TAMS 0x00000000a3800000| PB 0x00000000a3800000| Untracked 
|  21|0x00000000a3900000, 0x00000000a3a00000, 0x00000000a3a00000|100%| O|  |TAMS 0x00000000a3900000| PB 0x00000000a3900000| Untracked 
|  22|0x00000000a3a00000, 0x00000000a3b00000, 0x00000000a3b00000|100%| O|  |TAMS 0x00000000a3a00000| PB 0x00000000a3a00000| Untracked 
|  23|0x00000000a3b00000, 0x00000000a3c00000, 0x00000000a3c00000|100%| O|  |TAMS 0x00000000a3b00000| PB 0x00000000a3b00000| Untracked 
|  24|0x00000000a3c00000, 0x00000000a3d00000, 0x00000000a3d00000|100%| O|  |TAMS 0x00000000a3c00000| PB 0x00000000a3c00000| Untracked 
|  25|0x00000000a3d00000, 0x00000000a3e00000, 0x00000000a3e00000|100%| O|  |TAMS 0x00000000a3d00000| PB 0x00000000a3d00000| Untracked 
|  26|0x00000000a3e00000, 0x00000000a3f00000, 0x00000000a3f00000|100%|HS|  |TAMS 0x00000000a3e00000| PB 0x00000000a3e00000| Complete 
|  27|0x00000000a3f00000, 0x00000000a4000000, 0x00000000a4000000|100%|HC|  |TAMS 0x00000000a3f00000| PB 0x00000000a3f00000| Complete 
|  28|0x00000000a4000000, 0x00000000a4100000, 0x00000000a4100000|100%| O|  |TAMS 0x00000000a4000000| PB 0x00000000a4000000| Untracked 
|  29|0x00000000a4100000, 0x00000000a4200000, 0x00000000a4200000|100%| O|  |TAMS 0x00000000a4100000| PB 0x00000000a4100000| Untracked 
|  30|0x00000000a4200000, 0x00000000a4300000, 0x00000000a4300000|100%| O|  |TAMS 0x00000000a4200000| PB 0x00000000a4200000| Untracked 
|  31|0x00000000a4300000, 0x00000000a4400000, 0x00000000a4400000|100%| O|  |TAMS 0x00000000a4300000| PB 0x00000000a4300000| Untracked 
|  32|0x00000000a4400000, 0x00000000a4500000, 0x00000000a4500000|100%| O|  |TAMS 0x00000000a4400000| PB 0x00000000a4400000| Untracked 
|  33|0x00000000a4500000, 0x00000000a4600000, 0x00000000a4600000|100%| O|  |TAMS 0x00000000a4500000| PB 0x00000000a4500000| Untracked 
|  34|0x00000000a4600000, 0x00000000a4700000, 0x00000000a4700000|100%| O|  |TAMS 0x00000000a4600000| PB 0x00000000a4600000| Untracked 
|  35|0x00000000a4700000, 0x00000000a4800000, 0x00000000a4800000|100%| O|  |TAMS 0x00000000a4700000| PB 0x00000000a4700000| Untracked 
|  36|0x00000000a4800000, 0x00000000a4900000, 0x00000000a4900000|100%| O|  |TAMS 0x00000000a4800000| PB 0x00000000a4800000| Untracked 
|  37|0x00000000a4900000, 0x00000000a4a00000, 0x00000000a4a00000|100%| O|  |TAMS 0x00000000a4900000| PB 0x00000000a4900000| Untracked 
|  38|0x00000000a4a00000, 0x00000000a4b00000, 0x00000000a4b00000|100%| O|Cm|TAMS 0x00000000a4a00000| PB 0x00000000a4a00000| Complete 
|  39|0x00000000a4b00000, 0x00000000a4c00000, 0x00000000a4c00000|100%| O|  |TAMS 0x00000000a4b00000| PB 0x00000000a4b00000| Untracked 
|  40|0x00000000a4c00000, 0x00000000a4d00000, 0x00000000a4d00000|100%| O|  |TAMS 0x00000000a4c00000| PB 0x00000000a4c00000| Untracked 
|  41|0x00000000a4d00000, 0x00000000a4d00000, 0x00000000a4e00000|  0%| F|  |TAMS 0x00000000a4d00000| PB 0x00000000a4d00000| Untracked 
|  42|0x00000000a4e00000, 0x00000000a4e00000, 0x00000000a4f00000|  0%| F|  |TAMS 0x00000000a4e00000| PB 0x00000000a4e00000| Untracked 
|  43|0x00000000a4f00000, 0x00000000a4f00000, 0x00000000a5000000|  0%| F|  |TAMS 0x00000000a4f00000| PB 0x00000000a4f00000| Untracked 
|  44|0x00000000a5000000, 0x00000000a5000000, 0x00000000a5100000|  0%| F|  |TAMS 0x00000000a5000000| PB 0x00000000a5000000| Untracked 
|  45|0x00000000a5100000, 0x00000000a5100000, 0x00000000a5200000|  0%| F|  |TAMS 0x00000000a5100000| PB 0x00000000a5100000| Untracked 
|  46|0x00000000a5200000, 0x00000000a5200000, 0x00000000a5300000|  0%| F|  |TAMS 0x00000000a5200000| PB 0x00000000a5200000| Untracked 
|  47|0x00000000a5300000, 0x00000000a5300000, 0x00000000a5400000|  0%| F|  |TAMS 0x00000000a5300000| PB 0x00000000a5300000| Untracked 
|  48|0x00000000a5400000, 0x00000000a5400000, 0x00000000a5500000|  0%| F|  |TAMS 0x00000000a5400000| PB 0x00000000a5400000| Untracked 
|  49|0x00000000a5500000, 0x00000000a5500000, 0x00000000a5600000|  0%| F|  |TAMS 0x00000000a5500000| PB 0x00000000a5500000| Untracked 
|  50|0x00000000a5600000, 0x00000000a5600000, 0x00000000a5700000|  0%| F|  |TAMS 0x00000000a5600000| PB 0x00000000a5600000| Untracked 
|  51|0x00000000a5700000, 0x00000000a5700000, 0x00000000a5800000|  0%| F|  |TAMS 0x00000000a5700000| PB 0x00000000a5700000| Untracked 
|  52|0x00000000a5800000, 0x00000000a5800000, 0x00000000a5900000|  0%| F|  |TAMS 0x00000000a5800000| PB 0x00000000a5800000| Untracked 
|  53|0x00000000a5900000, 0x00000000a5a00000, 0x00000000a5a00000|100%| S|CS|TAMS 0x00000000a5900000| PB 0x00000000a5900000| Complete 
|  54|0x00000000a5a00000, 0x00000000a5b00000, 0x00000000a5b00000|100%| S|CS|TAMS 0x00000000a5a00000| PB 0x00000000a5a00000| Complete 
|  55|0x00000000a5b00000, 0x00000000a5c00000, 0x00000000a5c00000|100%| S|CS|TAMS 0x00000000a5b00000| PB 0x00000000a5b00000| Complete 
|  56|0x00000000a5c00000, 0x00000000a5c00000, 0x00000000a5d00000|  0%| F|  |TAMS 0x00000000a5c00000| PB 0x00000000a5c00000| Untracked 
|  57|0x00000000a5d00000, 0x00000000a5d00000, 0x00000000a5e00000|  0%| F|  |TAMS 0x00000000a5d00000| PB 0x00000000a5d00000| Untracked 
|  58|0x00000000a5e00000, 0x00000000a5e00000, 0x00000000a5f00000|  0%| F|  |TAMS 0x00000000a5e00000| PB 0x00000000a5e00000| Untracked 
|  59|0x00000000a5f00000, 0x00000000a5f00000, 0x00000000a6000000|  0%| F|  |TAMS 0x00000000a5f00000| PB 0x00000000a5f00000| Untracked 
|  60|0x00000000a6000000, 0x00000000a6000000, 0x00000000a6100000|  0%| F|  |TAMS 0x00000000a6000000| PB 0x00000000a6000000| Untracked 
|  61|0x00000000a6100000, 0x00000000a6100000, 0x00000000a6200000|  0%| F|  |TAMS 0x00000000a6100000| PB 0x00000000a6100000| Untracked 
|  62|0x00000000a6200000, 0x00000000a6200000, 0x00000000a6300000|  0%| F|  |TAMS 0x00000000a6200000| PB 0x00000000a6200000| Untracked 
|  63|0x00000000a6300000, 0x00000000a6300000, 0x00000000a6400000|  0%| F|  |TAMS 0x00000000a6300000| PB 0x00000000a6300000| Untracked 
|  64|0x00000000a6400000, 0x00000000a6400000, 0x00000000a6500000|  0%| F|  |TAMS 0x00000000a6400000| PB 0x00000000a6400000| Untracked 
|  65|0x00000000a6500000, 0x00000000a6500000, 0x00000000a6600000|  0%| F|  |TAMS 0x00000000a6500000| PB 0x00000000a6500000| Untracked 
|  66|0x00000000a6600000, 0x00000000a6600000, 0x00000000a6700000|  0%| F|  |TAMS 0x00000000a6600000| PB 0x00000000a6600000| Untracked 
|  67|0x00000000a6700000, 0x00000000a67b7a10, 0x00000000a6800000| 71%| E|  |TAMS 0x00000000a6700000| PB 0x00000000a6700000| Complete 
|  68|0x00000000a6800000, 0x00000000a6900000, 0x00000000a6900000|100%| E|CS|TAMS 0x00000000a6800000| PB 0x00000000a6800000| Complete 
|  69|0x00000000a6900000, 0x00000000a6a00000, 0x00000000a6a00000|100%| E|CS|TAMS 0x00000000a6900000| PB 0x00000000a6900000| Complete 
|  70|0x00000000a6a00000, 0x00000000a6b00000, 0x00000000a6b00000|100%| E|CS|TAMS 0x00000000a6a00000| PB 0x00000000a6a00000| Complete 
|  71|0x00000000a6b00000, 0x00000000a6c00000, 0x00000000a6c00000|100%| E|CS|TAMS 0x00000000a6b00000| PB 0x00000000a6b00000| Complete 
|  72|0x00000000a6c00000, 0x00000000a6d00000, 0x00000000a6d00000|100%| E|CS|TAMS 0x00000000a6c00000| PB 0x00000000a6c00000| Complete 
|  74|0x00000000a6e00000, 0x00000000a6f00000, 0x00000000a6f00000|100%| E|CS|TAMS 0x00000000a6e00000| PB 0x00000000a6e00000| Complete 
|  93|0x00000000a8100000, 0x00000000a8200000, 0x00000000a8200000|100%| E|CS|TAMS 0x00000000a8100000| PB 0x00000000a8100000| Complete 

Card table byte_map: [0x000002166c9d0000,0x000002166ccc0000] _byte_map_base: 0x000002166c4be000

Marking Bits: (CMBitMap*) 0x000002165a071070
 Bits: [0x000002166ccc0000, 0x000002166e430000)

Polling page: 0x0000021657f60000

Metaspace:

Usage:
  Non-class:     45.37 MB used.
      Class:      6.09 MB used.
       Both:     51.46 MB used.

Virtual space:
  Non-class space:       64.00 MB reserved,      45.75 MB ( 71%) committed,  1 nodes.
      Class space:        1.00 GB reserved,       6.44 MB ( <1%) committed,  1 nodes.
             Both:        1.06 GB reserved,      52.19 MB (  5%) committed. 

Chunk freelists:
   Non-Class:  2.27 MB
       Class:  9.45 MB
        Both:  11.72 MB

MaxMetaspaceSize: unlimited
CompressedClassSpaceSize: 1.00 GB
Initial GC threshold: 21.00 MB
Current GC threshold: 85.62 MB
CDS: off
 - commit_granule_bytes: 65536.
 - commit_granule_words: 8192.
 - virtual_space_node_default_size: 8388608.
 - enlarge_chunks_in_place: 1.
 - use_allocation_guard: 0.


Internal statistics:

num_allocs_failed_limit: 3.
num_arena_births: 1202.
num_arena_deaths: 0.
num_vsnodes_births: 2.
num_vsnodes_deaths: 0.
num_space_committed: 833.
num_space_uncommitted: 0.
num_chunks_returned_to_freelist: 3.
num_chunks_taken_from_freelist: 2936.
num_chunk_merges: 3.
num_chunk_splits: 2203.
num_chunks_enlarged: 1660.
num_inconsistent_stats: 0.

CodeHeap 'non-profiled nmethods': size=120000Kb used=1879Kb max_used=1961Kb free=118120Kb
 bounds [0x0000021664c50000, 0x0000021664ec0000, 0x000002166c180000]
CodeHeap 'profiled nmethods': size=120000Kb used=8731Kb max_used=8970Kb free=111268Kb
 bounds [0x000002165d180000, 0x000002165da50000, 0x00000216646b0000]
CodeHeap 'non-nmethods': size=5760Kb used=1546Kb max_used=1578Kb free=4213Kb
 bounds [0x00000216646b0000, 0x0000021664920000, 0x0000021664c50000]
 total_blobs=5182 nmethods=4564 adapters=522
 compilation: enabled
              stopped_count=0, restarted_count=0
 full_count=0

Compilation events (20 events):
Event: 4.785 Thread 0x0000021671374510 nmethod 5197 0x000002165d20f690 code [0x000002165d20f8a0, 0x000002165d20fe90]
Event: 4.785 Thread 0x0000021671374510 5191       3       org.jetbrains.kotlin.metadata.ProtoBuf$QualifiedNameTable$QualifiedName::hasShortName (16 bytes)
Event: 4.785 Thread 0x0000021671374510 nmethod 5191 0x000002165d400b10 code [0x000002165d400ca0, 0x000002165d400e08]
Event: 4.785 Thread 0x0000021671374510 5193       3       org.jetbrains.kotlin.metadata.ProtoBuf$Class::hasFqName (16 bytes)
Event: 4.785 Thread 0x0000021671374510 nmethod 5193 0x000002165d42e790 code [0x000002165d42e920, 0x000002165d42ea88]
Event: 4.785 Thread 0x0000021671374510 5194       3       org.jetbrains.kotlin.metadata.ProtoBuf$Class::getContextReceiverTypeCount (10 bytes)
Event: 4.785 Thread 0x0000021671374510 nmethod 5194 0x000002165d2d4190 code [0x000002165d2d4340, 0x000002165d2d4510]
Event: 4.785 Thread 0x0000021671374510 5195       3       org.jetbrains.kotlin.metadata.ProtoBuf$Class::getTypeAliasCount (10 bytes)
Event: 4.785 Thread 0x0000021671374510 nmethod 5195 0x000002165d3b3a90 code [0x000002165d3b3c40, 0x000002165d3b3e10]
Event: 4.791 Thread 0x0000021671374510 5199       2       org.jetbrains.kotlin.resolve.jvm.JvmClassName::<init> (18 bytes)
Event: 4.792 Thread 0x0000021671374510 nmethod 5199 0x000002165d209f90 code [0x000002165d20a140, 0x000002165d20a2d0]
Event: 4.793 Thread 0x0000021671374510 5200       2       org.jetbrains.kotlin.metadata.deserialization.BinaryVersion::<init> (178 bytes)
Event: 4.794 Thread 0x0000021671374510 nmethod 5200 0x000002165d6e0b10 code [0x000002165d6e0fa0, 0x000002165d6e2278]
Event: 4.794 Thread 0x0000021671374510 5201       2       org.jetbrains.kotlin.load.kotlin.FileBasedKotlinClass$1::visitAnnotation (21 bytes)
Event: 4.794 Thread 0x0000021671374510 nmethod 5201 0x000002165d226110 code [0x000002165d2262c0, 0x000002165d226430]
Event: 4.794 Thread 0x0000021671374510 5202       2       org.jetbrains.kotlin.load.kotlin.header.ReadKotlinClassHeaderAnnotationVisitor::visitAnnotation (115 bytes)
Event: 4.794 Thread 0x0000021671374510 nmethod 5202 0x000002165d1cfe90 code [0x000002165d1d0100, 0x000002165d1d06b8]
Event: 4.794 Thread 0x0000021671374510 5203       1       org.jetbrains.kotlin.load.java.lazy.descriptors.LazyJavaPackageFragment::access$getJvmMetadataVersion$p (5 bytes)
Event: 4.794 Thread 0x0000021671374510 nmethod 5203 0x0000021664c8ff10 code [0x0000021664c900a0, 0x0000021664c90150]
Event: 4.794 Thread 0x0000021671374510 5204       2       org.jetbrains.kotlin.load.kotlin.FileBasedKotlinClass$3::visit (64 bytes)

GC Heap History (20 events):
Event: 2.253 GC heap before
{Heap before GC invocations=8 (full 0):
 garbage-first heap   total 34816K, used 29185K [0x00000000a2400000, 0x0000000100000000)
  region size 1024K, 13 young (13312K), 2 survivors (2048K)
 Metaspace       used 34311K, committed 34560K, reserved 1114112K
  class space    used 4185K, committed 4288K, reserved 1048576K
}
Event: 2.258 GC heap after
{Heap after GC invocations=9 (full 0):
 garbage-first heap   total 43008K, used 19655K [0x00000000a2400000, 0x0000000100000000)
  region size 1024K, 2 young (2048K), 2 survivors (2048K)
 Metaspace       used 34311K, committed 34560K, reserved 1114112K
  class space    used 4185K, committed 4288K, reserved 1048576K
}
Event: 2.488 GC heap before
{Heap before GC invocations=9 (full 0):
 garbage-first heap   total 43008K, used 33991K [0x00000000a2400000, 0x0000000100000000)
  region size 1024K, 17 young (17408K), 2 survivors (2048K)
 Metaspace       used 37417K, committed 37632K, reserved 1114112K
  class space    used 4444K, committed 4544K, reserved 1048576K
}
Event: 2.496 GC heap after
{Heap after GC invocations=10 (full 0):
 garbage-first heap   total 43008K, used 21342K [0x00000000a2400000, 0x0000000100000000)
  region size 1024K, 3 young (3072K), 3 survivors (3072K)
 Metaspace       used 37417K, committed 37632K, reserved 1114112K
  class space    used 4444K, committed 4544K, reserved 1048576K
}
Event: 2.677 GC heap before
{Heap before GC invocations=10 (full 0):
 garbage-first heap   total 43008K, used 36702K [0x00000000a2400000, 0x0000000100000000)
  region size 1024K, 18 young (18432K), 3 survivors (3072K)
 Metaspace       used 39676K, committed 40384K, reserved 1114112K
  class space    used 4794K, committed 5184K, reserved 1048576K
}
Event: 2.682 GC heap after
{Heap after GC invocations=11 (full 0):
 garbage-first heap   total 43008K, used 23184K [0x00000000a2400000, 0x0000000100000000)
  region size 1024K, 2 young (2048K), 2 survivors (2048K)
 Metaspace       used 39676K, committed 40384K, reserved 1114112K
  class space    used 4794K, committed 5184K, reserved 1048576K
}
Event: 2.999 GC heap before
{Heap before GC invocations=11 (full 0):
 garbage-first heap   total 43008K, used 35472K [0x00000000a2400000, 0x0000000100000000)
  region size 1024K, 15 young (15360K), 2 survivors (2048K)
 Metaspace       used 41915K, committed 42752K, reserved 1114112K
  class space    used 5012K, committed 5440K, reserved 1048576K
}
Event: 3.005 GC heap after
{Heap after GC invocations=12 (full 0):
 garbage-first heap   total 43008K, used 25751K [0x00000000a2400000, 0x0000000100000000)
  region size 1024K, 2 young (2048K), 2 survivors (2048K)
 Metaspace       used 41915K, committed 42752K, reserved 1114112K
  class space    used 5012K, committed 5440K, reserved 1048576K
}
Event: 3.267 GC heap before
{Heap before GC invocations=13 (full 0):
 garbage-first heap   total 45056K, used 35991K [0x00000000a2400000, 0x0000000100000000)
  region size 1024K, 12 young (12288K), 2 survivors (2048K)
 Metaspace       used 44068K, committed 44800K, reserved 1114112K
  class space    used 5273K, committed 5632K, reserved 1048576K
}
Event: 3.271 GC heap after
{Heap after GC invocations=14 (full 0):
 garbage-first heap   total 54272K, used 27308K [0x00000000a2400000, 0x0000000100000000)
  region size 1024K, 2 young (2048K), 2 survivors (2048K)
 Metaspace       used 44068K, committed 44800K, reserved 1114112K
  class space    used 5273K, committed 5632K, reserved 1048576K
}
Event: 3.661 GC heap before
{Heap before GC invocations=14 (full 0):
 garbage-first heap   total 54272K, used 46764K [0x00000000a2400000, 0x0000000100000000)
  region size 1024K, 19 young (19456K), 2 survivors (2048K)
 Metaspace       used 47009K, committed 47744K, reserved 1114112K
  class space    used 5643K, committed 6016K, reserved 1048576K
}
Event: 3.669 GC heap after
{Heap after GC invocations=15 (full 0):
 garbage-first heap   total 54272K, used 31432K [0x00000000a2400000, 0x0000000100000000)
  region size 1024K, 3 young (3072K), 3 survivors (3072K)
 Metaspace       used 47009K, committed 47744K, reserved 1114112K
  class space    used 5643K, committed 6016K, reserved 1048576K
}
Event: 3.928 GC heap before
{Heap before GC invocations=15 (full 0):
 garbage-first heap   total 54272K, used 45768K [0x00000000a2400000, 0x0000000100000000)
  region size 1024K, 18 young (18432K), 3 survivors (3072K)
 Metaspace       used 49470K, committed 50240K, reserved 1114112K
  class space    used 5914K, committed 6272K, reserved 1048576K
}
Event: 3.936 GC heap after
{Heap after GC invocations=16 (full 0):
 garbage-first heap   total 54272K, used 34694K [0x00000000a2400000, 0x0000000100000000)
  region size 1024K, 3 young (3072K), 3 survivors (3072K)
 Metaspace       used 49470K, committed 50240K, reserved 1114112K
  class space    used 5914K, committed 6272K, reserved 1048576K
}
Event: 4.184 GC heap before
{Heap before GC invocations=17 (full 0):
 garbage-first heap   total 58368K, used 46982K [0x00000000a2400000, 0x0000000100000000)
  region size 1024K, 15 young (15360K), 3 survivors (3072K)
 Metaspace       used 49854K, committed 50624K, reserved 1114112K
  class space    used 5943K, committed 6336K, reserved 1048576K
}
Event: 4.194 GC heap after
{Heap after GC invocations=18 (full 0):
 garbage-first heap   total 58368K, used 38806K [0x00000000a2400000, 0x0000000100000000)
  region size 1024K, 2 young (2048K), 2 survivors (2048K)
 Metaspace       used 49854K, committed 50624K, reserved 1114112K
  class space    used 5943K, committed 6336K, reserved 1048576K
}
Event: 4.396 GC heap before
{Heap before GC invocations=18 (full 0):
 garbage-first heap   total 58368K, used 50070K [0x00000000a2400000, 0x0000000100000000)
  region size 1024K, 13 young (13312K), 2 survivors (2048K)
 Metaspace       used 50220K, committed 51008K, reserved 1114112K
  class space    used 5967K, committed 6336K, reserved 1048576K
}
Event: 4.407 GC heap after
{Heap after GC invocations=19 (full 0):
 garbage-first heap   total 58368K, used 41582K [0x00000000a2400000, 0x0000000100000000)
  region size 1024K, 2 young (2048K), 2 survivors (2048K)
 Metaspace       used 50220K, committed 51008K, reserved 1114112K
  class space    used 5967K, committed 6336K, reserved 1048576K
}
Event: 4.646 GC heap before
{Heap before GC invocations=19 (full 0):
 garbage-first heap   total 58368K, used 50798K [0x00000000a2400000, 0x0000000100000000)
  region size 1024K, 11 young (11264K), 2 survivors (2048K)
 Metaspace       used 51696K, committed 52416K, reserved 1114112K
  class space    used 6122K, committed 6464K, reserved 1048576K
}
Event: 4.653 GC heap after
{Heap after GC invocations=20 (full 0):
 garbage-first heap   total 76800K, used 43528K [0x00000000a2400000, 0x0000000100000000)
  region size 1024K, 2 young (2048K), 2 survivors (2048K)
 Metaspace       used 51696K, committed 52416K, reserved 1114112K
  class space    used 6122K, committed 6464K, reserved 1048576K
}

Dll operation events (3 events):
Event: 0.020 Loaded shared library D:\cla$$$ic\Android\jbr\bin\java.dll
Event: 0.041 Loaded shared library D:\cla$$$ic\Android\jbr\bin\zip.dll
Event: 1.021 Loaded shared library D:\cla$$$ic\Android\jbr\bin\verify.dll

Deoptimization events (20 events):
Event: 4.779 Thread 0x0000021657d4d220 Uncommon trap: trap_request=0xffffff76 fr.pc=0x0000021664def8c0 relative=0x0000000000000760
Event: 4.779 Thread 0x0000021657d4d220 Uncommon trap: reason=predicate action=maybe_recompile pc=0x0000021664def8c0 method=org.jetbrains.kotlin.com.intellij.psi.impl.source.CharTableImpl$StringHashToCharSequencesMap.charSequenceSubSequenceEquals(Ljava/lang/CharSequence;Ljava/lang/CharSequence;
Event: 4.779 Thread 0x0000021657d4d220 DEOPT PACKING pc=0x0000021664def8c0 sp=0x0000008d437fca20
Event: 4.779 Thread 0x0000021657d4d220 DEOPT UNPACKING pc=0x00000216647046a2 sp=0x0000008d437fc968 mode 2
Event: 4.779 Thread 0x0000021657d4d220 Uncommon trap: trap_request=0xffffffde fr.pc=0x0000021664d476c4 relative=0x0000000000002584
Event: 4.779 Thread 0x0000021657d4d220 Uncommon trap: reason=class_check action=maybe_recompile pc=0x0000021664d476c4 method=org.jetbrains.kotlin.com.intellij.psi.impl.source.CharTableImpl.intern(Ljava/lang/CharSequence;II)Ljava/lang/CharSequence; @ 13 c2
Event: 4.779 Thread 0x0000021657d4d220 DEOPT PACKING pc=0x0000021664d476c4 sp=0x0000008d437fcbd0
Event: 4.779 Thread 0x0000021657d4d220 DEOPT UNPACKING pc=0x00000216647046a2 sp=0x0000008d437fcbd0 mode 2
Event: 4.779 Thread 0x0000021657d4d220 Uncommon trap: trap_request=0xffffffde fr.pc=0x0000021664d476c4 relative=0x0000000000002584
Event: 4.779 Thread 0x0000021657d4d220 Uncommon trap: reason=class_check action=maybe_recompile pc=0x0000021664d476c4 method=org.jetbrains.kotlin.com.intellij.psi.impl.source.CharTableImpl.intern(Ljava/lang/CharSequence;II)Ljava/lang/CharSequence; @ 13 c2
Event: 4.779 Thread 0x0000021657d4d220 DEOPT PACKING pc=0x0000021664d476c4 sp=0x0000008d437fcbd0
Event: 4.779 Thread 0x0000021657d4d220 DEOPT UNPACKING pc=0x00000216647046a2 sp=0x0000008d437fcbd0 mode 2
Event: 4.779 Thread 0x0000021657d4d220 Uncommon trap: trap_request=0xffffffc6 fr.pc=0x0000021664e1e6a4 relative=0x0000000000000324
Event: 4.779 Thread 0x0000021657d4d220 Uncommon trap: reason=bimorphic_or_optimized_type_check action=maybe_recompile pc=0x0000021664e1e6a4 method=org.jetbrains.kotlin.com.intellij.psi.impl.source.tree.TreeElement.rawRemoveUpToWithoutNotifications(Lorg/jetbrains/kotlin/com/intellij/psi/impl/so
Event: 4.779 Thread 0x0000021657d4d220 DEOPT PACKING pc=0x0000021664e1e6a4 sp=0x0000008d437fca50
Event: 4.780 Thread 0x0000021657d4d220 DEOPT UNPACKING pc=0x00000216647046a2 sp=0x0000008d437fc9e0 mode 2
Event: 4.780 Thread 0x0000021657d4d220 Uncommon trap: trap_request=0xffffff45 fr.pc=0x0000021664e21b68 relative=0x0000000000000a08
Event: 4.780 Thread 0x0000021657d4d220 Uncommon trap: reason=unstable_if action=reinterpret pc=0x0000021664e21b68 method=org.jetbrains.kotlin.parsing.KotlinParserDefinition.createElement(Lorg/jetbrains/kotlin/com/intellij/lang/ASTNode;)Lorg/jetbrains/kotlin/com/intellij/psi/PsiElement; @ 25 c2
Event: 4.780 Thread 0x0000021657d4d220 DEOPT PACKING pc=0x0000021664e21b68 sp=0x0000008d437fd100
Event: 4.780 Thread 0x0000021657d4d220 DEOPT UNPACKING pc=0x00000216647046a2 sp=0x0000008d437fcfe8 mode 2

Classes loaded (20 events):
Event: 3.589 Loading class java/util/stream/ReduceOps$3ReducingSink
Event: 3.589 Loading class java/util/stream/ReduceOps$AccumulatingSink
Event: 3.589 Loading class java/util/stream/ReduceOps$AccumulatingSink done
Event: 3.589 Loading class java/util/stream/ReduceOps$Box
Event: 3.589 Loading class java/util/stream/ReduceOps$Box done
Event: 3.589 Loading class java/util/stream/ReduceOps$3ReducingSink done
Event: 3.589 Loading class java/util/stream/ReferencePipeline$2$1
Event: 3.589 Loading class java/util/stream/ReferencePipeline$2$1 done
Event: 3.589 Loading class java/util/stream/IntPipeline$1$1
Event: 3.589 Loading class java/util/stream/Sink$ChainedInt
Event: 3.589 Loading class java/util/stream/Sink$OfInt
Event: 3.589 Loading class java/util/function/IntConsumer
Event: 3.589 Loading class java/util/function/IntConsumer done
Event: 3.589 Loading class java/util/stream/Sink$OfInt done
Event: 3.589 Loading class java/util/stream/Sink$ChainedInt done
Event: 3.589 Loading class java/util/stream/IntPipeline$1$1 done
Event: 3.606 Loading class java/util/RegularEnumSet$EnumSetIterator
Event: 3.606 Loading class java/util/RegularEnumSet$EnumSetIterator done
Event: 3.851 Loading class java/util/ComparableTimSort
Event: 3.852 Loading class java/util/ComparableTimSort done

Classes unloaded (0 events):
No events

Classes redefined (0 events):
No events

Internal exceptions (20 events):
Event: 2.627 Thread 0x0000021657d4d220 Exception <a 'java/lang/NoSuchMethodError'{0x00000000a43891e8}: 'java.lang.Object java.lang.invoke.DelegatingMethodHandle$Holder.reinvoke_L(java.lang.Object, java.lang.Object, java.lang.Object, java.lang.Object, java.lang.Object, java.lang.Object, java.lang.Object, java.lang.Object, java.lang.Object, java.lang.Object, java.lang.Object, java.lang.Object, java.lang.Object, java.lang.Object, java.lang.Object, java.lang.Object)'> (0x00000000a43891e8) 
thrown [s\src\hotspot\share\interpreter\linkResolver.cpp, l
Event: 2.635 Thread 0x0000021657d4d220 Exception <a 'java/lang/NoSuchMethodError'{0x00000000a4213c50}: 'java.lang.Object java.lang.invoke.DirectMethodHandle$Holder.newInvokeSpecial(java.lang.Object, java.lang.Object, java.lang.Object, java.lang.Object, java.lang.Object, java.lang.Object, java.lang.Object, java.lang.Object, java.lang.Object, java.lang.Object, java.lang.Object, java.lang.Object, java.lang.Object, java.lang.Object, java.lang.Object, java.lang.Object, java.lang.Object, java.lang.Object)'> (0x00000000a4213c50) 
thrown [s\src\hotspot
Event: 2.635 Thread 0x0000021657d4d220 Exception <a 'java/lang/NoSuchMethodError'{0x00000000a42198e0}: 'java.lang.Object java.lang.invoke.DirectMethodHandle$Holder.invokeSpecial(java.lang.Object, java.lang.Object, java.lang.Object, java.lang.Object, java.lang.Object, java.lang.Object, java.lang.Object, java.lang.Object, java.lang.Object, java.lang.Object, java.lang.Object, java.lang.Object, java.lang.Object, java.lang.Object, java.lang.Object, java.lang.Object, java.lang.Object, java.lang.Object, java.lang.Object)'> (0x00000000a42198e0) 
thrown
Event: 2.635 Thread 0x0000021657d4d220 Exception <a 'java/lang/NoSuchMethodError'{0x00000000a421e558}: 'java.lang.Object java.lang.invoke.DelegatingMethodHandle$Holder.reinvoke_L(java.lang.Object, java.lang.Object, java.lang.Object, java.lang.Object, java.lang.Object, java.lang.Object, java.lang.Object, java.lang.Object, java.lang.Object, java.lang.Object, java.lang.Object, java.lang.Object, java.lang.Object, java.lang.Object, java.lang.Object, java.lang.Object, java.lang.Object, java.lang.Object)'> (0x00000000a421e558) 
thrown [s\src\hotspot\s
Event: 2.642 Thread 0x0000021657d4d220 Exception <a 'java/lang/NoSuchMethodError'{0x00000000a42a6c08}: 'java.lang.Object java.lang.invoke.DirectMethodHandle$Holder.newInvokeSpecial(java.lang.Object, java.lang.Object, java.lang.Object, java.lang.Object, java.lang.Object, java.lang.Object, java.lang.Object, java.lang.Object, java.lang.Object, java.lang.Object, java.lang.Object, java.lang.Object, java.lang.Object, java.lang.Object, java.lang.Object, java.lang.Object, java.lang.Object, java.lang.Object, java.lang.Object, java.lang.Object, java.lang
Event: 2.642 Thread 0x0000021657d4d220 Exception <a 'java/lang/NoSuchMethodError'{0x00000000a42adac0}: 'java.lang.Object java.lang.invoke.DirectMethodHandle$Holder.invokeSpecial(java.lang.Object, java.lang.Object, java.lang.Object, java.lang.Object, java.lang.Object, java.lang.Object, java.lang.Object, java.lang.Object, java.lang.Object, java.lang.Object, java.lang.Object, java.lang.Object, java.lang.Object, java.lang.Object, java.lang.Object, java.lang.Object, java.lang.Object, java.lang.Object, java.lang.Object, java.lang.Object, java.lang.Ob
Event: 2.642 Thread 0x0000021657d4d220 Exception <a 'java/lang/NoSuchMethodError'{0x00000000a42b3238}: 'java.lang.Object java.lang.invoke.DelegatingMethodHandle$Holder.reinvoke_L(java.lang.Object, java.lang.Object, java.lang.Object, java.lang.Object, java.lang.Object, java.lang.Object, java.lang.Object, java.lang.Object, java.lang.Object, java.lang.Object, java.lang.Object, java.lang.Object, java.lang.Object, java.lang.Object, java.lang.Object, java.lang.Object, java.lang.Object, java.lang.Object, java.lang.Object, java.lang.Object, java.lang.O
Event: 2.647 Thread 0x0000021657d4d220 Exception <a 'java/lang/NoSuchMethodError'{0x00000000a4181cd8}: 'java.lang.Object java.lang.invoke.DirectMethodHandle$Holder.invokeStatic(java.lang.Object, java.lang.Object, java.lang.Object, java.lang.Object, java.lang.Object, java.lang.Object, java.lang.Object, java.lang.Object, java.lang.Object, java.lang.Object, java.lang.Object, java.lang.Object, java.lang.Object, java.lang.Object, java.lang.Object, java.lang.Object, java.lang.Object, java.lang.Object, java.lang.Object, java.lang.Object, java.lang.Obj
Event: 2.649 Thread 0x0000021657d4d220 Exception <a 'java/lang/NoSuchMethodError'{0x00000000a41b44f0}: 'java.lang.Object java.lang.invoke.DirectMethodHandle$Holder.invokeStatic(java.lang.Object, java.lang.Object, java.lang.Object, java.lang.Object, java.lang.Object, java.lang.Object, java.lang.Object, java.lang.Object, java.lang.Object, java.lang.Object, java.lang.Object, java.lang.Object, java.lang.Object, java.lang.Object, java.lang.Object, java.lang.Object, java.lang.Object, java.lang.Object, java.lang.Object, java.lang.Object, java.lang.Obj
Event: 2.656 Thread 0x0000021657d4d220 Exception <a 'java/lang/NoSuchMethodError'{0x00000000a401eeb0}: 'java.lang.Object java.lang.invoke.DirectMethodHandle$Holder.newInvokeSpecial(java.lang.Object, java.lang.Object, java.lang.Object, java.lang.Object, java.lang.Object, java.lang.Object, java.lang.Object, java.lang.Object, java.lang.Object, java.lang.Object, java.lang.Object, java.lang.Object, java.lang.Object)'> (0x00000000a401eeb0) 
thrown [s\src\hotspot\share\interpreter\linkResolver.cpp, line 784]
Event: 2.657 Thread 0x0000021657d4d220 Exception <a 'java/lang/NoSuchMethodError'{0x00000000a4023ec0}: 'java.lang.Object java.lang.invoke.DirectMethodHandle$Holder.invokeSpecial(java.lang.Object, java.lang.Object, java.lang.Object, java.lang.Object, java.lang.Object, java.lang.Object, java.lang.Object, java.lang.Object, java.lang.Object, java.lang.Object, java.lang.Object, java.lang.Object, java.lang.Object, java.lang.Object)'> (0x00000000a4023ec0) 
thrown [s\src\hotspot\share\interpreter\linkResolver.cpp, line 784]
Event: 2.657 Thread 0x0000021657d4d220 Exception <a 'java/lang/NoSuchMethodError'{0x00000000a4028410}: 'java.lang.Object java.lang.invoke.DelegatingMethodHandle$Holder.reinvoke_L(java.lang.Object, java.lang.Object, java.lang.Object, java.lang.Object, java.lang.Object, java.lang.Object, java.lang.Object, java.lang.Object, java.lang.Object, java.lang.Object, java.lang.Object, java.lang.Object, java.lang.Object)'> (0x00000000a4028410) 
thrown [s\src\hotspot\share\interpreter\linkResolver.cpp, line 784]
Event: 2.810 Thread 0x0000021657d4d220 Exception <a 'java/lang/NoSuchMethodError'{0x00000000a48a0b50}: 'java.lang.Object java.lang.invoke.DirectMethodHandle$Holder.newInvokeSpecial(java.lang.Object, java.lang.Object, int)'> (0x00000000a48a0b50) 
thrown [s\src\hotspot\share\interpreter\linkResolver.cpp, line 784]
Event: 3.279 Thread 0x0000021657d4d220 Exception <a 'java/lang/NoSuchMethodError'{0x00000000a8176b98}: 'java.lang.Object java.lang.invoke.DirectMethodHandle$Holder.newInvokeSpecial(java.lang.Object, java.lang.Object, java.lang.Object, int)'> (0x00000000a8176b98) 
thrown [s\src\hotspot\share\interpreter\linkResolver.cpp, line 784]
Event: 3.279 Thread 0x0000021657d4d220 Exception <a 'java/lang/NoSuchMethodError'{0x00000000a817b040}: 'java.lang.Object java.lang.invoke.DirectMethodHandle$Holder.invokeSpecial(java.lang.Object, java.lang.Object, java.lang.Object, java.lang.Object, int)'> (0x00000000a817b040) 
thrown [s\src\hotspot\share\interpreter\linkResolver.cpp, line 784]
Event: 3.280 Thread 0x0000021657d4d220 Exception <a 'java/lang/NoSuchMethodError'{0x00000000a817e798}: 'java.lang.Object java.lang.invoke.Invokers$Holder.linkToTargetMethod(java.lang.Object, java.lang.Object, int, java.lang.Object)'> (0x00000000a817e798) 
thrown [s\src\hotspot\share\interpreter\linkResolver.cpp, line 784]
Event: 3.597 Thread 0x0000021657d4d220 Exception <a 'java/lang/NoSuchMethodError'{0x00000000a4b5eee8}: 'java.lang.Object java.lang.invoke.DirectMethodHandle$Holder.invokeSpecial(java.lang.Object, java.lang.Object, java.lang.Object, java.lang.Object, java.lang.Object, java.lang.Object, int)'> (0x00000000a4b5eee8) 
thrown [s\src\hotspot\share\interpreter\linkResolver.cpp, line 784]
Event: 3.813 Thread 0x0000021657d4d220 Implicit null exception at 0x0000021664d87d47 to 0x0000021664d8d1f4
Event: 4.630 Thread 0x0000021657d4d220 Implicit null exception at 0x0000021664e279c3 to 0x0000021664e27d80
Event: 4.630 Thread 0x0000021657d4d220 Implicit null exception at 0x0000021664e1a83d to 0x0000021664e1a878

ZGC Phase Switch (0 events):
No events

VM Operations (20 events):
Event: 3.960 Executing VM operation: G1PauseCleanup
Event: 3.960 Executing VM operation: G1PauseCleanup done
Event: 4.183 Executing VM operation: G1CollectForAllocation (G1 Evacuation Pause)
Event: 4.195 Executing VM operation: G1CollectForAllocation (G1 Evacuation Pause) done
Event: 4.364 Executing VM operation: ICBufferFull
Event: 4.364 Executing VM operation: ICBufferFull done
Event: 4.396 Executing VM operation: G1CollectForAllocation (G1 Evacuation Pause)
Event: 4.407 Executing VM operation: G1CollectForAllocation (G1 Evacuation Pause) done
Event: 4.503 Executing VM operation: HandshakeAllThreads (Deoptimize)
Event: 4.503 Executing VM operation: HandshakeAllThreads (Deoptimize) done
Event: 4.505 Executing VM operation: HandshakeAllThreads (Deoptimize)
Event: 4.505 Executing VM operation: HandshakeAllThreads (Deoptimize) done
Event: 4.633 Executing VM operation: ICBufferFull
Event: 4.633 Executing VM operation: ICBufferFull done
Event: 4.646 Executing VM operation: G1CollectForAllocation (G1 Evacuation Pause)
Event: 4.653 Executing VM operation: G1CollectForAllocation (G1 Evacuation Pause) done
Event: 4.678 Executing VM operation: G1PauseRemark
Event: 4.685 Executing VM operation: G1PauseRemark done
Event: 4.693 Executing VM operation: G1PauseCleanup
Event: 4.706 Executing VM operation: G1PauseCleanup done

Memory protections (0 events):
No events

Nmethod flushes (20 events):
Event: 4.684 Thread 0x0000021671037a60 flushing  nmethod 0x000002165d648210
Event: 4.684 Thread 0x0000021671037a60 flushing  nmethod 0x000002165d662190
Event: 4.684 Thread 0x0000021671037a60 flushing  nmethod 0x000002165d662510
Event: 4.684 Thread 0x0000021671037a60 flushing  nmethod 0x000002165d663a90
Event: 4.684 Thread 0x0000021671037a60 flushing  nmethod 0x000002165d663f90
Event: 4.684 Thread 0x0000021671037a60 flushing  nmethod 0x000002165d689010
Event: 4.684 Thread 0x0000021671037a60 flushing  nmethod 0x000002165d68da90
Event: 4.684 Thread 0x0000021671037a60 flushing  nmethod 0x000002165d68dd90
Event: 4.684 Thread 0x0000021671037a60 flushing  nmethod 0x000002165d68e490
Event: 4.684 Thread 0x0000021671037a60 flushing  nmethod 0x000002165d692710
Event: 4.684 Thread 0x0000021671037a60 flushing  nmethod 0x000002165d6c4390
Event: 4.684 Thread 0x0000021671037a60 flushing osr nmethod 0x000002165d6d5e10
Event: 4.684 Thread 0x0000021671037a60 flushing  nmethod 0x000002165d6e4090
Event: 4.684 Thread 0x0000021671037a60 flushing  nmethod 0x000002165d6e4410
Event: 4.684 Thread 0x0000021671037a60 flushing  nmethod 0x000002165d73ac90
Event: 4.684 Thread 0x0000021671037a60 flushing  nmethod 0x000002165d77e290
Event: 4.684 Thread 0x0000021671037a60 flushing  nmethod 0x000002165d88bc10
Event: 4.684 Thread 0x0000021671037a60 flushing  nmethod 0x000002165d88cc10
Event: 4.684 Thread 0x0000021671037a60 flushing  nmethod 0x000002165d88e290
Event: 4.684 Thread 0x0000021671037a60 flushing  nmethod 0x000002165d88fd10

Events (15 events):
Event: 0.025 Thread 0x0000021657d4d220 Thread added: 0x0000021657d4d220
Event: 0.113 Thread 0x0000021657d4d220 Thread added: 0x00000216713576d0
Event: 0.113 Thread 0x0000021657d4d220 Thread added: 0x00000216713598d0
Event: 0.114 Thread 0x0000021657d4d220 Thread added: 0x000002167133ace0
Event: 0.114 Thread 0x0000021657d4d220 Thread added: 0x0000021671361f20
Event: 0.114 Thread 0x0000021657d4d220 Thread added: 0x0000021671362d20
Event: 0.114 Thread 0x0000021657d4d220 Thread added: 0x0000021671363f10
Event: 0.114 Thread 0x0000021657d4d220 Thread added: 0x00000216713722d0
Event: 0.115 Thread 0x0000021657d4d220 Thread added: 0x0000021671374510
Event: 0.142 Thread 0x0000021657d4d220 Thread added: 0x000002167150cba0
Event: 0.147 Thread 0x0000021657d4d220 Thread added: 0x000002167151c4e0
Event: 0.156 Loaded shared library D:\cla$$$ic\Android\jbr\bin\net.dll
Event: 0.160 Loaded shared library D:\cla$$$ic\Android\jbr\bin\nio.dll
Event: 0.183 Loaded shared library D:\cla$$$ic\Android\jbr\bin\zip.dll
Event: 0.211 Loaded shared library D:\cla$$$ic\Android\jbr\bin\jimage.dll


Dynamic libraries:
0x00007ff7c4020000 - 0x00007ff7c402a000 	D:\cla$$$ic\Android\jbr\bin\java.exe
0x00007ff8106d0000 - 0x00007ff8108e7000 	C:\Windows\SYSTEM32\ntdll.dll
0x00007ff80fa10000 - 0x00007ff80fad4000 	C:\Windows\System32\KERNEL32.DLL
0x00007ff80d7e0000 - 0x00007ff80dbb1000 	C:\Windows\System32\KERNELBASE.dll
0x00007ff80ddb0000 - 0x00007ff80dec1000 	C:\Windows\System32\ucrtbase.dll
0x00007fffc64d0000 - 0x00007fffc64e8000 	D:\cla$$$ic\Android\jbr\bin\jli.dll
0x00007ffffdcb0000 - 0x00007ffffdccb000 	D:\cla$$$ic\Android\jbr\bin\VCRUNTIME140.dll
0x00007ff80ee50000 - 0x00007ff80f001000 	C:\Windows\System32\USER32.dll
0x00007ffff6630000 - 0x00007ffff68c2000 	C:\Windows\WinSxS\amd64_microsoft.windows.common-controls_6595b64144ccf1df_6.0.22621.4830_none_270fe7d773858e80\COMCTL32.dll
0x00007ff80e040000 - 0x00007ff80e066000 	C:\Windows\System32\win32u.dll
0x00007ff810590000 - 0x00007ff810637000 	C:\Windows\System32\msvcrt.dll
0x00007ff80f230000 - 0x00007ff80f259000 	C:\Windows\System32\GDI32.dll
0x00007ff80e070000 - 0x00007ff80e18b000 	C:\Windows\System32\gdi32full.dll
0x00007ff80e2d0000 - 0x00007ff80e36a000 	C:\Windows\System32\msvcp_win.dll
0x00007ff80e480000 - 0x00007ff80e4b1000 	C:\Windows\System32\IMM32.DLL
0x00007ff80a180000 - 0x00007ff80a18c000 	D:\cla$$$ic\Android\jbr\bin\vcruntime140_1.dll
0x00007fff3e9b0000 - 0x00007fff3ea3d000 	D:\cla$$$ic\Android\jbr\bin\msvcp140.dll
0x00007fff331d0000 - 0x00007fff33e5a000 	D:\cla$$$ic\Android\jbr\bin\server\jvm.dll
0x00007ff80f520000 - 0x00007ff80f5d1000 	C:\Windows\System32\ADVAPI32.dll
0x00007ff80e4c0000 - 0x00007ff80e567000 	C:\Windows\System32\sechost.dll
0x00007ff80df50000 - 0x00007ff80df78000 	C:\Windows\System32\bcrypt.dll
0x00007ff80e570000 - 0x00007ff80e684000 	C:\Windows\System32\RPCRT4.dll
0x00007ff80f2f0000 - 0x00007ff80f361000 	C:\Windows\System32\WS2_32.dll
0x00007ff80d6b0000 - 0x00007ff80d6fd000 	C:\Windows\SYSTEM32\POWRPROF.dll
0x00007ff805740000 - 0x00007ff80574a000 	C:\Windows\SYSTEM32\VERSION.dll
0x00007ff808ee0000 - 0x00007ff808f14000 	C:\Windows\SYSTEM32\WINMM.dll
0x00007ff80d690000 - 0x00007ff80d6a3000 	C:\Windows\SYSTEM32\UMPDC.dll
0x00007ff80c790000 - 0x00007ff80c7a8000 	C:\Windows\SYSTEM32\kernel.appcore.dll
0x00007ffffdca0000 - 0x00007ffffdcaa000 	D:\cla$$$ic\Android\jbr\bin\jimage.dll
0x00007ff80b130000 - 0x00007ff80b362000 	C:\Windows\SYSTEM32\DBGHELP.DLL
0x00007ff80f680000 - 0x00007ff80fa10000 	C:\Windows\System32\combase.dll
0x00007ff80f150000 - 0x00007ff80f227000 	C:\Windows\System32\OLEAUT32.dll
0x00007ff800000000 - 0x00007ff800032000 	C:\Windows\SYSTEM32\dbgcore.DLL
0x00007ff80ded0000 - 0x00007ff80df4b000 	C:\Windows\System32\bcryptPrimitives.dll
0x00007ffffd8d0000 - 0x00007ffffd8f0000 	D:\cla$$$ic\Android\jbr\bin\java.dll
0x00007ffffced0000 - 0x00007ffffcee8000 	D:\cla$$$ic\Android\jbr\bin\zip.dll
0x00007ff80fca0000 - 0x00007ff810528000 	C:\Windows\System32\SHELL32.dll
0x00007ff80e190000 - 0x00007ff80e2cf000 	C:\Windows\System32\wintypes.dll
0x00007ff80b6f0000 - 0x00007ff80bffd000 	C:\Windows\SYSTEM32\windows.storage.dll
0x00007ff80e370000 - 0x00007ff80e47a000 	C:\Windows\System32\SHCORE.dll
0x00007ff80f0d0000 - 0x00007ff80f12e000 	C:\Windows\System32\shlwapi.dll
0x00007ff80d710000 - 0x00007ff80d73b000 	C:\Windows\SYSTEM32\profapi.dll
0x00007ffffd8c0000 - 0x00007ffffd8d0000 	D:\cla$$$ic\Android\jbr\bin\net.dll
0x00007ff8097d0000 - 0x00007ff8098fc000 	C:\Windows\SYSTEM32\WINHTTP.dll
0x00007ff80cc50000 - 0x00007ff80ccba000 	C:\Windows\system32\mswsock.dll
0x00007ffffcd40000 - 0x00007ffffcd56000 	D:\cla$$$ic\Android\jbr\bin\nio.dll
0x00007ffffc960000 - 0x00007ffffc970000 	D:\cla$$$ic\Android\jbr\bin\verify.dll

dbghelp: loaded successfully - version: 4.0.5 - missing functions: none
symbol engine: initialized successfully - sym options: 0x614 - pdb path: .;D:\cla$$$ic\Android\jbr\bin;C:\Windows\SYSTEM32;C:\Windows\WinSxS\amd64_microsoft.windows.common-controls_6595b64144ccf1df_6.0.22621.4830_none_270fe7d773858e80;D:\cla$$$ic\Android\jbr\bin\server

VM Arguments:
java_command: org.jetbrains.kotlin.cli.jvm.K2JVMCompiler @C:\Users\aprok\AndroidStudioProjects\olimp\app\build\20250409_6095516737461571993.compiler.options
java_class_path (initial): C:\Users\aprok\AndroidStudioProjects\caches\modules-2\files-2.1\org.jetbrains.kotlin\kotlin-compiler-embeddable\1.9.24\78dab849090e6c5e2eadb6e59a11cdc28fb67a08\kotlin-compiler-embeddable-1.9.24.jar;C:\Users\aprok\AndroidStudioProjects\caches\modules-2\files-2.1\org.jetbrains.kotlin\kotlin-stdlib\1.9.24\9928532f12c66ad816a625b3f9984f8368ca6d2b\kotlin-stdlib-1.9.24.jar;C:\Users\aprok\AndroidStudioProjects\caches\modules-2\files-2.1\org.jetbrains.kotlin\kotlin-script-runtime\1.9.24\96771497da90fbc5af1c90fce148db2595a62502\kotlin-script-runtime-1.9.24.jar;C:\Users\aprok\AndroidStudioProjects\caches\modules-2\files-2.1\org.jetbrains.kotlin\kotlin-reflect\1.6.10\1cbe9c92c12a94eea200d23c2bbaedaf3daf5132\kotlin-reflect-1.6.10.jar;C:\Users\aprok\AndroidStudioProjects\caches\modules-2\files-2.1\org.jetbrains.kotlin\kotlin-daemon-embeddable\1.9.24\86685b9c5e8d170925bd9ddbdc263374a6a73281\kotlin-daemon-embeddable-1.9.24.jar;C:\Users\aprok\AndroidStudioProjects\caches\modules-2\files-2.1\org.jetbrains.intellij.deps\trove4j\1.0.20200330\3afb14d5f9ceb459d724e907a21145e8ff394f02\trove4j-1.0.20200330.jar;C:\Users\aprok\AndroidStudioProjects\caches\modules-2\files-2.1\org.jetbrains\annotations\13.0\919f0dfe192fb4e063e7dacadee7f8bb9a2672a9\annotations-13.0.jar
Launcher Type: SUN_STANDARD

[Global flags]
     intx CICompilerCount                          = 4                                         {product} {ergonomic}
     uint ConcGCThreads                            = 3                                         {product} {ergonomic}
     uint G1ConcRefinementThreads                  = 10                                        {product} {ergonomic}
   size_t G1HeapRegionSize                         = 1048576                                   {product} {ergonomic}
    uintx GCDrainStackTargetSize                   = 64                                        {product} {ergonomic}
   size_t InitialHeapSize                          = 98566144                                  {product} {ergonomic}
   size_t MarkStackSize                            = 4194304                                   {product} {ergonomic}
   size_t MaxHeapSize                              = 1572864000                                {product} {ergonomic}
   size_t MaxNewSize                               = 943718400                                 {product} {ergonomic}
   size_t MinHeapDeltaBytes                        = 1048576                                   {product} {ergonomic}
   size_t MinHeapSize                              = 8388608                                   {product} {ergonomic}
    uintx NonNMethodCodeHeapSize                   = 5839372                                {pd product} {ergonomic}
    uintx NonProfiledCodeHeapSize                  = 122909434                              {pd product} {ergonomic}
    uintx ProfiledCodeHeapSize                     = 122909434                              {pd product} {ergonomic}
    uintx ReservedCodeCacheSize                    = 251658240                              {pd product} {ergonomic}
     bool SegmentedCodeCache                       = true                                      {product} {ergonomic}
   size_t SoftMaxHeapSize                          = 1572864000                             {manageable} {ergonomic}
     bool UseCompressedOops                        = true                           {product lp64_product} {ergonomic}
     bool UseG1GC                                  = true                                      {product} {ergonomic}
     bool UseLargePagesIndividualAllocation        = false                                  {pd product} {ergonomic}

Logging:
Log output configuration:
 #0: stdout all=warning uptime,level,tags foldmultilines=false
 #1: stderr all=off uptime,level,tags foldmultilines=false

Environment Variables:
JAVA_HOME=D:\cla$$$ic\Android\jbr
PATH=C:\Windows\system32;C:\Windows;C:\Windows\System32\Wbem;C:\Windows\System32\WindowsPowerShell\v1.0\;C:\Windows\System32\OpenSSH\;C:\Program Files\Microsoft SQL Server\150\Tools\Binn\;C:\Program Files (x86)\NVIDIA Corporation\PhysX\Common;C:\Program Files\NVIDIA Corporation\NVIDIA NvDLISR;C:\Program Files\Git\cmd;C:\Program Files\Microsoft SQL Server\Client SDK\ODBC\170\Tools\Binn\;C:\Program Files\dotnet\;D:\cla$$$ic\SQlite\sqlite3;D:\cla$$$ic\Android\jbr\bin;C:\Redis;C:\Program Files\nodejs\;C:\Users\aprok\AppData\Local\Programs\Python\Python312\Scripts\;C:\Users\aprok\AppData\Local\Programs\Python\Python312\;C:\Users\aprok\AppData\Local\Microsoft\WindowsApps;C:\Users\aprok\AppData\Local\Programs\Microsoft VS Code\bin;C:\Users\aprok\AppData\Local\GitHubDesktop\bin;C:\Program Files\JetBrains\PyCharm Community Edition 2024.2.1\bin;;C:\Users\aprok\.dotnet\tools;C:\Users\aprok\AppData\Roaming\npm;C:\Program Files\nodejs;
USERNAME=aprok
OS=Windows_NT
PROCESSOR_IDENTIFIER=AMD64 Family 25 Model 80 Stepping 0, AuthenticAMD
TMP=C:\Users\aprok\AppData\Local\Temp
TEMP=C:\Users\aprok\AppData\Local\Temp




Periodic native trim disabled

JNI global refs:
JNI global refs: 10, weak refs: 30

JNI global refs memory usage: 835, weak refs: 833

Process memory usage:
Resident Set Size: 232240K (3% of 6139972K total physical memory with 205536K free physical memory)

OOME stack traces (most recent first):
Classloader memory used:
Loader jdk.internal.loader.ClassLoaders$AppClassLoader                                 : 39915K
Loader bootstrap                                                                       : 12640K
Loader java.net.URLClassLoader                                                         : 203K
Loader jdk.internal.loader.ClassLoaders$PlatformClassLoader                            : 19376B

---------------  S Y S T E M  ---------------

OS:
 Windows 11 , 64 bit Build 22621 (10.0.22621.4974)
OS uptime: 0 days 0:31 hours
Hyper-V role detected

CPU: total 12 (initial active 12) (12 cores per cpu, 2 threads per core) family 25 model 80 stepping 0 microcode 0x0, cx8, cmov, fxsr, ht, mmx, 3dnowpref, sse, sse2, sse3, ssse3, sse4a, sse4.1, sse4.2, popcnt, lzcnt, tsc, tscinvbit, avx, avx2, aes, erms, clmul, bmi1, bmi2, adx, sha, fma, vzeroupper, clflush, clflushopt, hv, rdtscp, rdpid, fsrm, f16c, cet_ss
Processor Information for all 12 processors :
  Max Mhz: 3301, Current Mhz: 3301, Mhz Limit: 3301

Memory: 4k page, system-wide physical 5996M (194M free)
TotalPageFile size 24428M (AvailPageFile size 7M)
current process WorkingSet (physical memory assigned to process): 226M, peak: 226M
current process commit charge ("private bytes"): 266M, peak: 268M

vm_info: OpenJDK 64-Bit Server VM (21.0.5+-12932927-b750.29) for windows-amd64 JRE (21.0.5+-12932927-b750.29), built on 2025-01-17T02:01:10Z by "builder" with MS VC++ 16.10 / 16.11 (VS2019)

END.
